{"level":"info","message":"Server running in development mode on port 5000","service":"apex-backend","timestamp":"2026-05-17 18:11:26"}
{"level":"info","message":"User connected: ieDTmfxND3EFhXQFAAAE","service":"apex-backend","timestamp":"2026-05-17 18:11:26"}
{"level":"info","message":"User connected: x6gx8GPT_1TbU9HOAAAF","service":"apex-backend","timestamp":"2026-05-17 18:11:26"}
{"level":"info","message":"User connected: CN28lQeuye3qdKa8AAAG","service":"apex-backend","timestamp":"2026-05-17 18:11:26"}
{"level":"info","message":"User connected: doMJo9bb3dRLnpkVAAAH","service":"apex-backend","timestamp":"2026-05-17 18:11:26"}
{"level":"info","message":"User connected: wS_ZGf3dcJGEDbJgAAAO","service":"apex-backend","timestamp":"2026-05-17 18:11:26"}
{"level":"info","message":"User connected: qsN608jE9wcFVC8YAAAP","service":"apex-backend","timestamp":"2026-05-17 18:11:26"}
{"level":"info","message":"User connected: C5F9975O4RM8qa-jAAAQ","service":"apex-backend","timestamp":"2026-05-17 18:11:26"}
{"level":"info","message":"User connected: dByxaBPO-TmOkJ0jAAAR","service":"apex-backend","timestamp":"2026-05-17 18:11:26"}
{"level":"info","message":"User connected: G7DS7kuuMwlv271gAAAS","service":"apex-backend","timestamp":"2026-05-17 18:11:26"}
{"level":"info","message":"User connected: H8AfEfuvAuOz4SocAAAT","service":"apex-backend","timestamp":"2026-05-17 18:11:26"}
{"level":"info","message":"User connected: 29oAcLOjooIcUZgsAAAV","service":"apex-backend","timestamp":"2026-05-17 18:11:26"}
{"level":"info","message":"SIGINT received. Shutting down gracefully...","service":"apex-backend","timestamp":"2026-05-17 18:11:45"}
{"level":"info","message":"Server running in development mode on port 5000","service":"apex-backend","timestamp":"2026-05-17 21:16:34"}
{"level":"info","message":"User connected: F8G5X-b4-_O9SNYIAAAC","service":"apex-backend","timestamp":"2026-05-17 21:16:53"}
{"level":"info","message":"User connected: W-AjgbShUnqsyZIqAAAE","service":"apex-backend","timestamp":"2026-05-17 21:18:18"}
{"level":"info","message":"User 6a0987d4fd202f169de06fd2 joined their private room: user_6a0987d4fd202f169de06fd2","service":"apex-backend","timestamp":"2026-05-17 21:18:18"}
{"level":"info","message":"User connected: m2kbfB7E-pvqnrJPAAAH","service":"apex-backend","timestamp":"2026-05-17 21:18:19"}
{"level":"info","message":"User disconnected","service":"apex-backend","timestamp":"2026-05-17 21:18:23"}
{"level":"info","message":"User disconnected","service":"apex-backend","timestamp":"2026-05-17 21:18:35"}
{"level":"info","message":"User disconnected","service":"apex-backend","timestamp":"2026-05-17 21:18:35"}
{"level":"info","message":"Server running in development mode on port 5000","service":"apex-backend","timestamp":"2026-05-17 22:42:58"}
{"level":"info","message":"User connected: 6ykHMtglOinFB8oUAAAC","service":"apex-backend","timestamp":"2026-05-17 23:15:30"}
{"level":"info","message":"User disconnected","service":"apex-backend","timestamp":"2026-05-17 23:15:32"}
{"level":"info","message":"User connected: 4YdW11iuL3Mgg1tTAAAF","service":"apex-backend","timestamp":"2026-05-17 23:15:38"}
{"level":"info","message":"User disconnected","service":"apex-backend","timestamp":"2026-05-17 23:15:39"}
{"level":"info","message":"User connected: cAQqYY1NfGIzJCY9AAAI","service":"apex-backend","timestamp":"2026-05-17 23:15:45"}
{"level":"info","message":"User disconnected","service":"apex-backend","timestamp":"2026-05-17 23:15:48"}
{"level":"info","message":"User connected: 1PpzeBVmzox3hc01AAAL","service":"apex-backend","timestamp":"2026-05-17 23:16:07"}
{"level":"info","message":"User connected: EDxuEyIcTrXqGgmIAAAP","service":"apex-backend","timestamp":"2026-05-17 23:16:07"}
{"level":"info","message":"User connected: hhYwxFmO2UpAa490AAAQ","service":"apex-backend","timestamp":"2026-05-17 23:16:07"}
{"level":"info","message":"User 6a0987d4fd202f169de06fd2 joined their private room: user_6a0987d4fd202f169de06fd2","service":"apex-backend","timestamp":"2026-05-17 23:16:07"}
{"level":"info","message":"User connected: 4rn5NGAOMaLtTb_cAAAT","service":"apex-backend","timestamp":"2026-05-17 23:16:08"}
{"level":"info","message":"User disconnected","service":"apex-backend","timestamp":"2026-05-17 23:16:21"}
{"level":"info","message":"User connected: 0QRg9YaaezxpcxE-AAAW","service":"apex-backend","timestamp":"2026-05-17 23:16:21"}
{"level":"info","message":"User connected: onVzvFMANCauVGAdAAAY","service":"apex-backend","timestamp":"2026-05-17 23:18:25"}
{"level":"info","message":"User 6a098926e178b4ded294981a joined their private room: user_6a098926e178b4ded294981a","service":"apex-backend","timestamp":"2026-05-17 23:18:25"}
{"level":"info","message":"User connected: 5z6s9hHgXJPI3LV0AAAb","service":"apex-backend","timestamp":"2026-05-17 23:18:25"}
{"level":"info","message":"User connected: aSC-PXalZPpScCo1AAAe","service":"apex-backend","timestamp":"2026-05-17 23:18:51"}
{"level":"info","message":"User connected: 8nRTEWCeTZvxeh6yAAAg","service":"apex-backend","timestamp":"2026-05-17 23:18:51"}
{"level":"info","message":"User 6a098926e178b4ded294981a joined their private room: user_6a098926e178b4ded294981a","service":"apex-backend","timestamp":"2026-05-17 23:18:51"}
{"level":"info","message":"User disconnected","service":"apex-backend","timestamp":"2026-05-17 23:18:54"}
{"level":"info","message":"User disconnected","service":"apex-backend","timestamp":"2026-05-17 23:19:31"}
{"level":"info","message":"User disconnected","service":"apex-backend","timestamp":"2026-05-17 23:19:31"}
{"level":"info","message":"User connected: uXbDaPFXG1tNkzIMAAAi","service":"apex-backend","timestamp":"2026-05-17 23:19:31"}
{"level":"info","message":"User 6a0987d4fd202f169de06fd2 joined their private room: user_6a0987d4fd202f169de06fd2","service":"apex-backend","timestamp":"2026-05-17 23:19:31"}
{"level":"info","message":"User connected: VqwlT48dqAEJyQBmAAAl","service":"apex-backend","timestamp":"2026-05-17 23:19:31"}
{"level":"info","message":"User connected: 98Sr6i-GdMwOOD63AAAo","service":"apex-backend","timestamp":"2026-05-17 23:19:31"}
{"level":"info","message":"Server running in development mode on port 5000","service":"apex-backend","timestamp":"2026-05-17 23:24:54"}
{"level":"info","message":"User connected: YAu6EvLryAPTeMzMAAAB","service":"apex-backend","timestamp":"2026-05-17 23:24:55"}
{"level":"info","message":"User connected: joKjp0DQTNP0LqkDAAAD","service":"apex-backend","timestamp":"2026-05-17 23:24:55"}
{"level":"info","message":"User connected: 4qpX6XuHHFTR925KAAAF","service":"apex-backend","timestamp":"2026-05-17 23:24:55"}
{"level":"info","message":"User connected: FQj7VqEU7j3WHaKYAAAI","service":"apex-backend","timestamp":"2026-05-17 23:24:57"}
{"level":"info","message":"User connected: wJIPqiQsEaC_xa-qAAAJ","service":"apex-backend","timestamp":"2026-05-17 23:24:57"}
{"level":"info","message":"User connected: 7zbBkHkmhQ2OJERAAAAL","service":"apex-backend","timestamp":"2026-05-17 23:24:57"}
{"level":"info","message":"User connected: swvo6Wp2f1S6cgPUAAAN","service":"apex-backend","timestamp":"2026-05-17 23:24:58"}
{"level":"info","message":"Server running in development mode on port 5000","service":"apex-backend","timestamp":"2026-05-17 23:25:01"}
{"level":"info","message":"User connected: OhOARqj9n610t5LAAAAB","service":"apex-backend","timestamp":"2026-05-17 23:25:01"}
{"level":"info","message":"User connected: e-MR1DklYAlffuf5AAAI","service":"apex-backend","timestamp":"2026-05-17 23:25:01"}
{"level":"info","message":"User connected: zlxlO2Tl-IeKbCYZAAAJ","service":"apex-backend","timestamp":"2026-05-17 23:25:01"}
{"level":"info","message":"User connected: QiTeEANOZdvMJFJRAAAK","service":"apex-backend","timestamp":"2026-05-17 23:25:01"}
{"level":"info","message":"User connected: 3sl7CnLrALINIzAlAAAL","service":"apex-backend","timestamp":"2026-05-17 23:25:01"}
{"level":"info","message":"User connected: qjkw82BE5WTYgXFqAAAM","service":"apex-backend","timestamp":"2026-05-17 23:25:01"}
{"level":"info","message":"User connected: mlUsB9239bcneEOVAAAN","service":"apex-backend","timestamp":"2026-05-17 23:25:01"}
{"level":"info","message":"User connected: YTmvY0Hs_aB_guyNAAAP","service":"apex-backend","timestamp":"2026-05-17 23:25:02"}
{"level":"info","message":"User disconnected","service":"apex-backend","timestamp":"2026-05-17 23:25:46"}
{"level":"info","message":"Server running in development mode on port 5000","service":"apex-backend","timestamp":"2026-05-17 23:36:35"}
{"level":"info","message":"User connected: 9zJpr7giLkgjfufTAAAB","service":"apex-backend","timestamp":"2026-05-17 23:36:35"}
{"level":"info","message":"User connected: 6PFXWhgawvCuHV2QAAAF","service":"apex-backend","timestamp":"2026-05-17 23:36:35"}
{"level":"info","message":"User connected: 3DDevAaWGJElLzhFAAAG","service":"apex-backend","timestamp":"2026-05-17 23:36:35"}
{"level":"info","message":"User connected: AWZyvnEVX0kWumu4AAAH","service":"apex-backend","timestamp":"2026-05-17 23:36:35"}
{"level":"info","message":"User connected: 5aqeEgDweOJxpVYCAAAJ","service":"apex-backend","timestamp":"2026-05-17 23:36:35"}
{"level":"info","message":"User connected: LDvfRwc96v01JL8CAAAL","service":"apex-backend","timestamp":"2026-05-17 23:36:36"}
{"level":"info","message":"User connected: 5HI2NmOLDClYLuSoAAAN","service":"apex-backend","timestamp":"2026-05-17 23:36:37"}
{"level":"info","message":"Server running in development mode on port 5000","service":"apex-backend","timestamp":"2026-05-17 23:53:28"}
{"level":"info","message":"User connected: 65tVzjzhZVeBBuu1AAAB","service":"apex-backend","timestamp":"2026-05-17 23:53:28"}
{"level":"info","message":"User connected: _WIsZdNtDBFdHXbjAAAD","service":"apex-backend","timestamp":"2026-05-17 23:53:30"}
{"level":"info","message":"User connected: IS9WBRSeuAXV-7ppAAAG","service":"apex-backend","timestamp":"2026-05-17 23:53:31"}
{"level":"info","message":"User connected: kDJoK6x-ff77q7JYAAAH","service":"apex-backend","timestamp":"2026-05-17 23:53:31"}
{"level":"info","message":"SIGINT received. Shutting down gracefully...","service":"apex-backend","timestamp":"2026-05-17 23:53:32"}
